  main.cpp
  criss_cross.cpp
C:\Users\user\Desktop\university\3 семестр\ОП\bebra\bebra\kursach1\criss_cross.cpp(27,26): warning C4267: =: преобразование из "size_t" в "int"; возможна потеря данных
C:\Users\user\Desktop\university\3 семестр\ОП\bebra\bebra\kursach1\criss_cross.cpp(89,35): warning C4267: аргумент: преобразование из "size_t" в "int"; возможна потеря данных
C:\Users\user\Desktop\university\3 семестр\ОП\bebra\bebra\kursach1\criss_cross.cpp(169,20): warning C4267: return: преобразование из "size_t" в "int"; возможна потеря данных
C:\Users\user\Desktop\university\3 семестр\ОП\bebra\bebra\kursach1\criss_cross.cpp(185,6): warning C4101: end: неиспользованная локальная переменная
C:\Users\user\Desktop\university\3 семестр\ОП\bebra\bebra\kursach1\criss_cross.cpp(182,7): warning C4101: Arr: неиспользованная локальная переменная
C:\Users\user\Desktop\university\3 семестр\ОП\bebra\bebra\kursach1\criss_cross.cpp(253,20): warning C4267: =: преобразование из "size_t" в "int"; возможна потеря данных
C:\Users\user\Desktop\university\3 семестр\ОП\bebra\bebra\kursach1\criss_cross.cpp(285,24): warning C4267: =: преобразование из "size_t" в "int"; возможна потеря данных
C:\Users\user\Desktop\university\3 семестр\ОП\bebra\bebra\kursach1\criss_cross.cpp(292,19): warning C4267: инициализация: преобразование из "size_t" в "int"; возможна потеря данных
C:\Users\user\Desktop\university\3 семестр\ОП\bebra\bebra\kursach1\criss_cross.cpp(296,25): warning C4267: return: преобразование из "size_t" в "int"; возможна потеря данных
C:\Users\user\Desktop\university\3 семестр\ОП\bebra\bebra\kursach1\criss_cross.cpp(299,25): warning C4267: return: преобразование из "size_t" в "int"; возможна потеря данных
C:\Users\user\Desktop\university\3 семестр\ОП\bebra\bebra\kursach1\criss_cross.cpp(352,21): warning C4267: инициализация: преобразование из "size_t" в "int"; возможна потеря данных
C:\Users\user\Desktop\university\3 семестр\ОП\bebra\bebra\kursach1\criss_cross.cpp(353,82): warning C4267: аргумент: преобразование из "size_t" в "int"; возможна потеря данных
C:\Users\user\Desktop\university\3 семестр\ОП\bebra\bebra\kursach1\criss_cross.cpp(355,83): warning C4267: аргумент: преобразование из "size_t" в "int"; возможна потеря данных
C:\Users\user\Desktop\university\3 семестр\ОП\bebra\bebra\kursach1\criss_cross.cpp(386,65): warning C4267: аргумент: преобразование из "size_t" в "int"; возможна потеря данных
C:\Users\user\Desktop\university\3 семестр\ОП\bebra\bebra\kursach1\criss_cross.cpp(386,62): warning C4267: аргумент: преобразование из "size_t" в "int"; возможна потеря данных
C:\Users\user\Desktop\university\3 семестр\ОП\bebra\bebra\kursach1\criss_cross.cpp(387,18): warning C4267: =: преобразование из "size_t" в "int"; возможна потеря данных
C:\Users\user\Desktop\university\3 семестр\ОП\bebra\bebra\kursach1\criss_cross.cpp(388,18): warning C4267: =: преобразование из "size_t" в "int"; возможна потеря данных
C:\Users\user\Desktop\university\3 семестр\ОП\bebra\bebra\kursach1\criss_cross.cpp(393,63): warning C4267: аргумент: преобразование из "size_t" в "int"; возможна потеря данных
C:\Users\user\Desktop\university\3 семестр\ОП\bebra\bebra\kursach1\criss_cross.cpp(393,60): warning C4267: аргумент: преобразование из "size_t" в "int"; возможна потеря данных
C:\Users\user\Desktop\university\3 семестр\ОП\bebra\bebra\kursach1\criss_cross.cpp(394,18): warning C4267: =: преобразование из "size_t" в "int"; возможна потеря данных
C:\Users\user\Desktop\university\3 семестр\ОП\bebra\bebra\kursach1\criss_cross.cpp(395,18): warning C4267: =: преобразование из "size_t" в "int"; возможна потеря данных
C:\Users\user\Desktop\university\3 семестр\ОП\bebra\bebra\kursach1\criss_cross.cpp(405,17): warning C4267: +=: преобразование из "size_t" в "int"; возможна потеря данных
C:\Users\user\Desktop\university\3 семестр\ОП\bebra\bebra\kursach1\criss_cross.cpp(409,17): warning C4267: +=: преобразование из "size_t" в "int"; возможна потеря данных
C:\Users\user\Desktop\university\3 семестр\ОП\bebra\bebra\kursach1\criss_cross.cpp(416,17): warning C4267: +=: преобразование из "size_t" в "int"; возможна потеря данных
C:\Users\user\Desktop\university\3 семестр\ОП\bebra\bebra\kursach1\criss_cross.cpp(420,17): warning C4267: +=: преобразование из "size_t" в "int"; возможна потеря данных
C:\Users\user\Desktop\university\3 семестр\ОП\bebra\bebra\kursach1\criss_cross.cpp(428,18): warning C4267: =: преобразование из "size_t" в "int"; возможна потеря данных
C:\Users\user\Desktop\university\3 семестр\ОП\bebra\bebra\kursach1\criss_cross.cpp(449,27): warning C4267: =: преобразование из "size_t" в "int"; возможна потеря данных
  Создание кода...
  LINK : не найден или не выполнена сборка C:\Users\user\Desktop\university\3 семестр\ОП\bebra\bebra\kursach1\x64\Debug\kursach1.exe при последней инкрементной компоновке; выполняется полная компоновка
  kursach1.vcxproj -> C:\Users\user\Desktop\university\3 семестр\ОП\bebra\bebra\kursach1\x64\Debug\kursach1.exe
